2024-09-05 16:47:05.243  INFO 6920 --- [kground-preinit] org.hibernate.validator.internal.util.Version : HV000001: Hibernate Validator 8.0.1.Final
2024-09-05 16:47:06.679  INFO 6920 --- [           main] org.springframework.data.repository.config.RepositoryConfigurationDelegate : Bootstrapping Spring Data JPA repositories in DEFAULT mode.
2024-09-05 16:47:06.750  INFO 6920 --- [           main] org.springframework.data.repository.config.RepositoryConfigurationDelegate : Finished Spring Data repository scanning in 54 ms. Found 1 JPA repository interface.
2024-09-05 16:47:07.970  INFO 6920 --- [           main] org.springframework.boot.web.embedded.tomcat.TomcatWebServer : Tomcat initialized with port 8090 (http)
2024-09-05 16:47:08.023  INFO 6920 --- [           main] org.apache.catalina.core.StandardService : Starting service [Tomcat]
2024-09-05 16:47:08.024  INFO 6920 --- [           main] org.apache.catalina.core.StandardEngine : Starting Servlet engine: [Apache Tomcat/10.1.28]
2024-09-05 16:47:08.192  INFO 6920 --- [           main] org.apache.catalina.core.ContainerBase.[Tomcat].[localhost].[/] : Initializing Spring embedded WebApplicationContext
2024-09-05 16:47:08.195  INFO 6920 --- [           main] org.springframework.boot.web.servlet.context.ServletWebServerApplicationContext : Root WebApplicationContext: initialization completed in 2812 ms
2024-09-05 16:47:08.260  INFO 6920 --- [           main] com.zaxxer.hikari.HikariDataSource : HikariPool-1 - Starting...
2024-09-05 16:47:08.517  INFO 6920 --- [           main] com.zaxxer.hikari.pool.HikariPool : HikariPool-1 - Added connection conn0: url=jdbc:h2:mem:testdb user=SA
2024-09-05 16:47:08.520  INFO 6920 --- [           main] com.zaxxer.hikari.HikariDataSource : HikariPool-1 - Start completed.
2024-09-05 16:47:08.536  INFO 6920 --- [           main] org.springframework.boot.autoconfigure.h2.H2ConsoleAutoConfiguration : H2 console available at '/h2'. Database available at 'jdbc:h2:mem:testdb'
2024-09-05 16:47:09.063  INFO 6920 --- [           main] org.hibernate.jpa.internal.util.LogHelper : HHH000204: Processing PersistenceUnitInfo [name: default]
2024-09-05 16:47:09.237  INFO 6920 --- [           main] org.hibernate.Version : HHH000412: Hibernate ORM core version 6.4.10.Final
2024-09-05 16:47:09.271  INFO 6920 --- [           main] org.hibernate.cache.internal.RegionFactoryInitiator : HHH000026: Second-level cache disabled
2024-09-05 16:47:09.583  INFO 6920 --- [           main] org.springframework.orm.jpa.persistenceunit.SpringPersistenceUnitInfo : No LoadTimeWeaver setup: ignoring JPA class transformer
2024-09-05 16:47:09.635  WARN 6920 --- [           main] org.hibernate.orm.deprecation : HHH90000025: H2Dialect does not need to be specified explicitly using 'hibernate.dialect' (remove the property setting and it will be selected by default)
2024-09-05 16:47:10.382  INFO 6920 --- [           main] org.hibernate.engine.transaction.jta.platform.internal.JtaPlatformInitiator : HHH000489: No JTA platform available (set 'hibernate.transaction.jta.platform' to enable JTA platform integration)
2024-09-05 16:47:10.426  INFO 6920 --- [           main] org.springframework.orm.jpa.LocalContainerEntityManagerFactoryBean : Initialized JPA EntityManagerFactory for persistence unit 'default'
2024-09-05 16:47:10.865  WARN 6920 --- [           main] org.springframework.boot.autoconfigure.orm.jpa.JpaBaseConfiguration$JpaWebConfiguration : spring.jpa.open-in-view is enabled by default. Therefore, database queries may be performed during view rendering. Explicitly configure spring.jpa.open-in-view to disable this warning
2024-09-05 16:47:11.752  INFO 6920 --- [           main] org.springframework.boot.web.embedded.tomcat.TomcatWebServer : Tomcat started on port 8090 (http) with context path ''
2024-09-05 16:48:09.806  INFO 6920 --- [ionShutdownHook] org.springframework.orm.jpa.LocalContainerEntityManagerFactoryBean : Closing JPA EntityManagerFactory for persistence unit 'default'
2024-09-05 16:48:09.809  INFO 6920 --- [ionShutdownHook] com.zaxxer.hikari.HikariDataSource : HikariPool-1 - Shutdown initiated...
2024-09-05 16:48:09.812  INFO 6920 --- [ionShutdownHook] com.zaxxer.hikari.HikariDataSource : HikariPool-1 - Shutdown completed.
